<?xml version="1.0" encoding="UTF-8"?>
<testsuite name="SenderReceiverTest" tests="1" skipped="0" failures="0" errors="0" timestamp="2023-11-15T15:43:10" hostname="DESKTOP-KHTV1RH" time="0.054">
  <properties/>
  <testcase name="sendReceivedTextMessageTest()" classname="SenderReceiverTest" time="0.054"/>
  <system-out><![CDATA[]]></system-out>
  <system-err><![CDATA[]]></system-err>
</testsuite>
